info: Fetched tasks for user 675879927effe2c09d39578e
info: Fetched tasks for user 675879927effe2c09d39578e
info: Fetched tasks for user 675879927effe2c09d39578e
info: Fetched tasks for user 675879927effe2c09d39578e
info: Fetched tasks for user 675879927effe2c09d39578e
info: Fetched tasks for user 675879927effe2c09d39578e
info: Fetched tasks for user 675879927effe2c09d39578e
info: Fetched tasks for user 675879927effe2c09d39578e
info: Fetched tasks for user 675879927effe2c09d39578e
info: Fetched tasks for user 675879927effe2c09d39578e
info: Fetched tasks for user 675879927effe2c09d39578e
info: Fetched tasks for user 675879927effe2c09d39578e
info: Fetched tasks for user 675879927effe2c09d39578e
info: Fetched tasks for user 675879927effe2c09d39578e
info: Fetched tasks for user 675879927effe2c09d39578e
info: Fetched tasks for user 675879927effe2c09d39578e
info: Fetched tasks for user 675879927effe2c09d39578e
info: Fetched tasks for user 675879927effe2c09d39578e
info: Fetched tasks for user 675879927effe2c09d39578e
info: Fetched tasks for user 675879927effe2c09d39578e
info: Fetched tasks for user 675879927effe2c09d39578e
info: Fetched tasks for user 675879927effe2c09d39578e
info: Fetched tasks for user 675879927effe2c09d39578e
info: Fetched tasks for user 675879927effe2c09d39578e
info: Fetched tasks for user 675879927effe2c09d39578e
info: Fetched tasks for user 675879927effe2c09d39578e
info: Fetched tasks for user 675879927effe2c09d39578e
info: Fetched tasks for user 675879927effe2c09d39578e
info: Fetched tasks for user 675879927effe2c09d39578e
info: Fetched tasks for user 675879927effe2c09d39578e
info: Fetched tasks for user 675879927effe2c09d39578e
info: Fetched tasks for user 675879927effe2c09d39578e
info: Fetched tasks for user 675879927effe2c09d39578e
info: Fetched tasks for user 675879927effe2c09d39578e
info: Fetched tasks for user 675879927effe2c09d39578e
info: Fetched tasks for user 675879927effe2c09d39578e
info: Fetched tasks for user 675879927effe2c09d39578e
info: Fetched tasks for user 675879927effe2c09d39578e
info: Fetched tasks for user 675879927effe2c09d39578e
info: Fetched tasks for user 675879927effe2c09d39578e
info: Fetched tasks for user 675879927effe2c09d39578e
info: Fetched tasks for user 675879927effe2c09d39578e
info: Fetched tasks for user 675879927effe2c09d39578e
info: Fetched tasks for user 675879927effe2c09d39578e
info: Fetched tasks for user 675879927effe2c09d39578e
info: Task 67593a727c785c8fb98fce88 marked as Completed by user 675879927effe2c09d39578e
info: Fetched tasks for user 675879927effe2c09d39578e
info: Task 67593a727c785c8fb98fce88 marked as Incomplete by user 675879927effe2c09d39578e
info: Fetched tasks for user 675879927effe2c09d39578e
info: Task 67593a727c785c8fb98fce88 marked as Completed by user 675879927effe2c09d39578e
info: Fetched tasks for user 675879927effe2c09d39578e
info: Task 67593a727c785c8fb98fce88 marked as Incomplete by user 675879927effe2c09d39578e
info: Fetched tasks for user 675879927effe2c09d39578e
info: Task 67593a727c785c8fb98fce88 removed by user 675879927effe2c09d39578e
info: Fetched tasks for user 675879927effe2c09d39578e
info: Task created successfully by user 675879927effe2c09d39578e {"date":"2025-01-02T23:37","task":"Complete Chapter Motion from youtube and Make proper notes.","title":"Physics Home Work"}
info: Fetched tasks for user 675879927effe2c09d39578e
info: Task 67598d4ef6d45bc1da85008a marked as Completed by user 675879927effe2c09d39578e
info: Fetched tasks for user 675879927effe2c09d39578e
info: Task 67598d4ef6d45bc1da85008a marked as Incomplete by user 675879927effe2c09d39578e
info: Fetched tasks for user 675879927effe2c09d39578e
info: Fetched tasks for user 675879927effe2c09d39578e
info: Fetched tasks for user 675879927effe2c09d39578e
info: Fetched tasks for user 675879927effe2c09d39578e
info: Fetched tasks for user 675879927effe2c09d39578e
info: Fetched tasks for user 675879927effe2c09d39578e
info: Fetched tasks for user 675879927effe2c09d39578e
info: Fetched tasks for user 675879927effe2c09d39578e
info: Fetched tasks for user 675879927effe2c09d39578e
info: Fetched tasks for user 675879927effe2c09d39578e
info: Task created successfully by user 675879927effe2c09d39578e {"date":"2024-12-26T23:16","task":"Make Babies with your GF","title":"Biology"}
info: Fetched tasks for user 675879927effe2c09d39578e
info: Task 67598d4ef6d45bc1da85008a removed by user 675879927effe2c09d39578e
info: Fetched tasks for user 675879927effe2c09d39578e
info: Fetched tasks for user 675879927effe2c09d39578e
info: Fetched tasks for user 675879927effe2c09d39578e
info: Fetched tasks for user 675879927effe2c09d39578e
info: Fetched tasks for user 675879927effe2c09d39578e
info: Fetched tasks for user 675879927effe2c09d39578e
info: Fetched tasks for user 675879927effe2c09d39578e
info: Fetched tasks for user 675879927effe2c09d39578e
info: Fetched tasks for user 675879927effe2c09d39578e
info: Fetched tasks for user 675879927effe2c09d39578e
info: Fetched tasks for user 675912cf1c2432cb13bba7bb
info: Fetched tasks for user 675912cf1c2432cb13bba7bb
info: Fetched tasks for user 675912cf1c2432cb13bba7bb
info: Fetched tasks for user 675879927effe2c09d39578e
info: Fetched tasks for user 675912cf1c2432cb13bba7bb
info: Fetched tasks for user 675912cf1c2432cb13bba7bb
info: Fetched tasks for user 675912cf1c2432cb13bba7bb
info: Fetched tasks for user 675912cf1c2432cb13bba7bb
info: Fetched tasks for user 675912cf1c2432cb13bba7bb
info: Fetched tasks for user 675912cf1c2432cb13bba7bb
info: Fetched tasks for user 675912cf1c2432cb13bba7bb
info: Fetched tasks for user 675912cf1c2432cb13bba7bb
info: Fetched tasks for user 675912cf1c2432cb13bba7bb
info: Fetched tasks for user 675912cf1c2432cb13bba7bb
info: Fetched tasks for user 675912cf1c2432cb13bba7bb
info: Fetched tasks for user 675912cf1c2432cb13bba7bb
info: Fetched tasks for user 675912cf1c2432cb13bba7bb
info: Fetched tasks for user 675879927effe2c09d39578e
info: Task 67593b737c785c8fb98fceaa removed by user 675879927effe2c09d39578e
info: Fetched tasks for user 675879927effe2c09d39578e
info: Task 6759967ff6d45bc1da8500b9 marked as Completed by user 675879927effe2c09d39578e
info: Fetched tasks for user 675879927effe2c09d39578e
info: Task 6759967ff6d45bc1da8500b9 marked as Incomplete by user 675879927effe2c09d39578e
info: Fetched tasks for user 675879927effe2c09d39578e
error: Support form error: complain validation failed: complain: Complain should be atleast 20 characters long! {"error":{"_message":"complain validation failed","errors":{"complain":{"kind":"minlength","message":"Complain should be atleast 20 characters long!","name":"ValidatorError","path":"complain","properties":{"message":"Complain should be atleast 20 characters long!","minlength":20,"path":"complain","type":"minlength","value":"I lost my data"},"value":"I lost my data"}},"message":"complain validation failed: complain: Complain should be atleast 20 characters long!","name":"ValidationError"}}
error: Support form error: complain validation failed: complain: Complain should be atleast 20 characters long! {"error":{"_message":"complain validation failed","errors":{"complain":{"kind":"minlength","message":"Complain should be atleast 20 characters long!","name":"ValidatorError","path":"complain","properties":{"message":"Complain should be atleast 20 characters long!","minlength":20,"path":"complain","type":"minlength","value":"I lost my data"},"value":"I lost my data"}},"message":"complain validation failed: complain: Complain should be atleast 20 characters long!","name":"ValidationError"}}
error: Support form error: complain validation failed: complain: Complain should be atleast 20 characters long! {"error":{"_message":"complain validation failed","errors":{"complain":{"kind":"minlength","message":"Complain should be atleast 20 characters long!","name":"ValidatorError","path":"complain","properties":{"message":"Complain should be atleast 20 characters long!","minlength":20,"path":"complain","type":"minlength","value":"I lost my data"},"value":"I lost my data"}},"message":"complain validation failed: complain: Complain should be atleast 20 characters long!","name":"ValidationError"}}
error: Support form error: complain validation failed: complain: Complain should be atleast 20 characters long! {"error":{"_message":"complain validation failed","errors":{"complain":{"kind":"minlength","message":"Complain should be atleast 20 characters long!","name":"ValidatorError","path":"complain","properties":{"message":"Complain should be atleast 20 characters long!","minlength":20,"path":"complain","type":"minlength","value":"Data Lost by"},"value":"Data Lost by"}},"message":"complain validation failed: complain: Complain should be atleast 20 characters long!","name":"ValidationError"}}
error: Support form error: complain validation failed: complain: Complain should be atleast 20 characters long! {"error":{"_message":"complain validation failed","errors":{"complain":{"kind":"minlength","message":"Complain should be atleast 20 characters long!","name":"ValidatorError","path":"complain","properties":{"message":"Complain should be atleast 20 characters long!","minlength":20,"path":"complain","type":"minlength","value":"Data Lost by"},"value":"Data Lost by"}},"message":"complain validation failed: complain: Complain should be atleast 20 characters long!","name":"ValidationError"}}
info: Fetched tasks for user 675879927effe2c09d39578e
info: Fetched tasks for user 675879927effe2c09d39578e
info: Fetched tasks for user 675879927effe2c09d39578e
info: Task created successfully by user 675879927effe2c09d39578e {"date":"2024-12-11T22:14","task":"Description Description Description Description Description Description","title":"Task"}
info: Fetched tasks for user 675879927effe2c09d39578e
